>seq83
AA
>seq47
CC
>seq11
AA
>seq76
AA
>seq18
AA
>seq92
AT
>seq53
TT
>seq21
CT
>seq90
TT
>seq19
AA
>seq35
TT
>seq2
TT
>seq31
AA
>seq23
TA
>seq64
AA
>seq85
AA
>seq66
CG
>seq14
CG
>seq55
AA
>seq28
CG
>seq93
TT
>seq45
TT
>seq98
TT
>seq70
TT
>seq61
TT
>seq86
CG
>seq74
CG
>seq99
GT
>seq56
GC
>seq49
TT
>seq1
TC
>seq43
GG
>seq27
AA
>seq88
AC
>seq29
AA
>seq48
AA
>seq69
AT
>seq91
TT
>seq62
TT
>seq25
CG
>seq100
GG
>seq3
GT
>seq54
TT
>seq89
TT
>seq38
CC
>seq13
CA
>seq24
AA
>seq5
GG
>seq72
AA
>seq73
AA
>seq82
AA
>seq96
TA
>seq8
AA
>seq95
CT
>seq63
CA
>seq12
AA
>seq26
AA
>seq79
CA
>seq78
TT
>seq36
AT
>seq40
TT
>seq94
AA
>seq59
TT
>seq46
TT
>seq51
AA
>seq39
AT
>seq67
AA
>seq60
CC
>seq87
AA
>seq6
AA
>seq71
TC
>seq80
AA
>seq44
TA
>seq84
AA
>seq65
AA
>seq10
TT
>seq97
AA
>seq77
AA
>seq22
CT
>seq58
AA
>seq17
CC
>seq15
CC
>seq75
CA
>seq32
CA
>seq33
AC
>seq50
GG
>seq42
AA
>seq20
AA
>seq30
AA
>seq34
AA
>seq9
AG
>seq4
AA
>seq68
TC
>seq57
TT
>seq37
CC
>seq7
AA
>seq16
TT
>seq52
CA
>seq41
AC
>seq81
TT
